2026-03-31 15:47:11 INFO  com.ragnax.sanbernardo.notificacion.ComRagnaxSanbernardoNotificacionApplication - Starting ComRagnaxSanbernardoNotificacionApplication using Java 23.0.1 with PID 89380 (/Users/mac/Workspaces/WorkspaceSanBernardo/com-ragnax-sanbernardo-notificacion/target/classes started by mac in /Users/mac/Workspaces/WorkspaceSanBernardo/com-ragnax-sanbernardo-notificacion)
2026-03-31 15:47:11 INFO  com.ragnax.sanbernardo.notificacion.ComRagnaxSanbernardoNotificacionApplication - The following 1 profile is active: "dev"
2026-03-31 15:47:11 INFO  org.springframework.data.repository.config.RepositoryConfigurationDelegate - Bootstrapping Spring Data JPA repositories in DEFAULT mode.
2026-03-31 15:47:11 INFO  org.springframework.data.repository.config.RepositoryConfigurationDelegate - Finished Spring Data repository scanning in 35 ms. Found 4 JPA repository interfaces.
2026-03-31 15:47:12 INFO  org.springframework.cloud.context.scope.GenericScope - BeanFactory id=b216a9b9-7760-3a87-90db-bf3e1888c902
2026-03-31 15:47:12 INFO  org.springframework.boot.web.embedded.tomcat.TomcatWebServer - Tomcat initialized with port 9999 (http)
2026-03-31 15:47:12 INFO  org.apache.coyote.http11.Http11NioProtocol - Initializing ProtocolHandler ["http-nio-9999"]
2026-03-31 15:47:12 INFO  org.apache.catalina.core.StandardService - Starting service [Tomcat]
2026-03-31 15:47:12 INFO  org.apache.catalina.core.StandardEngine - Starting Servlet engine: [Apache Tomcat/10.1.25]
2026-03-31 15:47:12 INFO  org.apache.catalina.core.ContainerBase.[Tomcat].[localhost].[/] - Initializing Spring embedded WebApplicationContext
2026-03-31 15:47:12 INFO  org.springframework.boot.web.servlet.context.ServletWebServerApplicationContext - Root WebApplicationContext: initialization completed in 1631 ms
2026-03-31 15:47:13 INFO  org.hibernate.jpa.internal.util.LogHelper - HHH000204: Processing PersistenceUnitInfo [name: default]
2026-03-31 15:47:13 INFO  org.hibernate.Version - HHH000412: Hibernate ORM core version 6.5.2.Final
2026-03-31 15:47:13 INFO  org.hibernate.cache.internal.RegionFactoryInitiator - HHH000026: Second-level cache disabled
2026-03-31 15:47:13 INFO  org.springframework.orm.jpa.persistenceunit.SpringPersistenceUnitInfo - No LoadTimeWeaver setup: ignoring JPA class transformer
2026-03-31 15:47:13 INFO  com.zaxxer.hikari.HikariDataSource - HikariPool-1 - Starting...
2026-03-31 15:47:13 INFO  com.zaxxer.hikari.pool.HikariPool - HikariPool-1 - Added connection com.mysql.cj.jdbc.ConnectionImpl@7c460
2026-03-31 15:47:13 INFO  com.zaxxer.hikari.HikariDataSource - HikariPool-1 - Start completed.
2026-03-31 15:47:13 WARN  org.hibernate.orm.deprecation - HHH90000025: MySQLDialect does not need to be specified explicitly using 'hibernate.dialect' (remove the property setting and it will be selected by default)
2026-03-31 15:47:14 INFO  org.hibernate.engine.transaction.jta.platform.internal.JtaPlatformInitiator - HHH000489: No JTA platform available (set 'hibernate.transaction.jta.platform' to enable JTA platform integration)
2026-03-31 15:47:14 INFO  org.springframework.orm.jpa.LocalContainerEntityManagerFactoryBean - Initialized JPA EntityManagerFactory for persistence unit 'default'
2026-03-31 15:47:15 WARN  org.springframework.boot.autoconfigure.orm.jpa.JpaBaseConfiguration$JpaWebConfiguration - spring.jpa.open-in-view is enabled by default. Therefore, database queries may be performed during view rendering. Explicitly configure spring.jpa.open-in-view to disable this warning
2026-03-31 15:47:15 INFO  org.springframework.boot.actuate.endpoint.web.EndpointLinksResolver - Exposing 2 endpoints beneath base path '/actuator/com-ragnax-sanbernardo-notificacion'
2026-03-31 15:47:15 INFO  org.apache.coyote.http11.Http11NioProtocol - Starting ProtocolHandler ["http-nio-9999"]
2026-03-31 15:47:15 INFO  org.springframework.boot.web.embedded.tomcat.TomcatWebServer - Tomcat started on port 9999 (http) with context path '/'
2026-03-31 15:47:15 INFO  com.ragnax.sanbernardo.notificacion.ComRagnaxSanbernardoNotificacionApplication - Started ComRagnaxSanbernardoNotificacionApplication in 5.087 seconds (process running for 6.119)
2026-03-31 15:47:16 INFO  org.apache.catalina.core.ContainerBase.[Tomcat].[localhost].[/] - Initializing Spring DispatcherServlet 'dispatcherServlet'
2026-03-31 15:47:16 INFO  org.springframework.web.servlet.DispatcherServlet - Initializing Servlet 'dispatcherServlet'
2026-03-31 15:47:16 INFO  org.springframework.web.servlet.DispatcherServlet - Completed initialization in 1 ms
2026-03-31 16:13:24 WARN  com.zaxxer.hikari.pool.HikariPool - HikariPool-1 - Thread starvation or clock leap detected (housekeeper delta=8m10s343ms).
2026-03-31 23:18:20 INFO  com.ragnax.sanbernardo.notificacion.ComRagnaxSanbernardoNotificacionApplication - Starting ComRagnaxSanbernardoNotificacionApplication using Java 17.0.14 with PID 4981 (/Users/mac/Workspaces/WorkspaceSanBernardo/com-ragnax-sanbernardo-notificacion/target/classes started by mac in /Users/mac/Workspaces/WorkspaceSanBernardo/com-ragnax-sanbernardo-notificacion)
2026-03-31 23:18:20 INFO  com.ragnax.sanbernardo.notificacion.ComRagnaxSanbernardoNotificacionApplication - The following 1 profile is active: "dev"
2026-03-31 23:18:21 INFO  org.springframework.data.repository.config.RepositoryConfigurationDelegate - Bootstrapping Spring Data JPA repositories in DEFAULT mode.
2026-03-31 23:18:21 INFO  org.springframework.data.repository.config.RepositoryConfigurationDelegate - Finished Spring Data repository scanning in 33 ms. Found 4 JPA repository interfaces.
2026-03-31 23:18:21 INFO  org.springframework.cloud.context.scope.GenericScope - BeanFactory id=b216a9b9-7760-3a87-90db-bf3e1888c902
2026-03-31 23:18:22 INFO  org.springframework.boot.web.embedded.tomcat.TomcatWebServer - Tomcat initialized with port 9999 (http)
2026-03-31 23:18:22 INFO  org.apache.coyote.http11.Http11NioProtocol - Initializing ProtocolHandler ["http-nio-9999"]
2026-03-31 23:18:22 INFO  org.apache.catalina.core.StandardService - Starting service [Tomcat]
2026-03-31 23:18:22 INFO  org.apache.catalina.core.StandardEngine - Starting Servlet engine: [Apache Tomcat/10.1.25]
2026-03-31 23:18:22 INFO  org.apache.catalina.core.ContainerBase.[Tomcat].[localhost].[/] - Initializing Spring embedded WebApplicationContext
2026-03-31 23:18:22 INFO  org.springframework.boot.web.servlet.context.ServletWebServerApplicationContext - Root WebApplicationContext: initialization completed in 1647 ms
2026-03-31 23:18:22 INFO  org.hibernate.jpa.internal.util.LogHelper - HHH000204: Processing PersistenceUnitInfo [name: default]
2026-03-31 23:18:22 INFO  org.hibernate.Version - HHH000412: Hibernate ORM core version 6.5.2.Final
2026-03-31 23:18:22 INFO  org.hibernate.cache.internal.RegionFactoryInitiator - HHH000026: Second-level cache disabled
2026-03-31 23:18:22 INFO  org.springframework.orm.jpa.persistenceunit.SpringPersistenceUnitInfo - No LoadTimeWeaver setup: ignoring JPA class transformer
2026-03-31 23:18:22 INFO  com.zaxxer.hikari.HikariDataSource - HikariPool-1 - Starting...
2026-03-31 23:18:22 INFO  com.zaxxer.hikari.pool.HikariPool - HikariPool-1 - Added connection com.mysql.cj.jdbc.ConnectionImpl@dbcf7c3
2026-03-31 23:18:22 INFO  com.zaxxer.hikari.HikariDataSource - HikariPool-1 - Start completed.
2026-03-31 23:18:22 WARN  org.hibernate.orm.deprecation - HHH90000025: MySQLDialect does not need to be specified explicitly using 'hibernate.dialect' (remove the property setting and it will be selected by default)
2026-03-31 23:18:23 INFO  org.hibernate.engine.transaction.jta.platform.internal.JtaPlatformInitiator - HHH000489: No JTA platform available (set 'hibernate.transaction.jta.platform' to enable JTA platform integration)
2026-03-31 23:18:23 INFO  org.springframework.orm.jpa.LocalContainerEntityManagerFactoryBean - Initialized JPA EntityManagerFactory for persistence unit 'default'
2026-03-31 23:18:24 WARN  org.springframework.boot.autoconfigure.orm.jpa.JpaBaseConfiguration$JpaWebConfiguration - spring.jpa.open-in-view is enabled by default. Therefore, database queries may be performed during view rendering. Explicitly configure spring.jpa.open-in-view to disable this warning
2026-03-31 23:18:24 INFO  org.springframework.boot.actuate.endpoint.web.EndpointLinksResolver - Exposing 2 endpoints beneath base path '/actuator/com-ragnax-sanbernardo-notificacion'
2026-03-31 23:18:25 INFO  org.apache.coyote.http11.Http11NioProtocol - Starting ProtocolHandler ["http-nio-9999"]
2026-03-31 23:18:25 INFO  org.springframework.boot.web.embedded.tomcat.TomcatWebServer - Tomcat started on port 9999 (http) with context path '/'
2026-03-31 23:18:25 INFO  com.ragnax.sanbernardo.notificacion.ComRagnaxSanbernardoNotificacionApplication - Started ComRagnaxSanbernardoNotificacionApplication in 5.033 seconds (process running for 5.92)
2026-03-31 23:18:25 INFO  org.apache.catalina.core.ContainerBase.[Tomcat].[localhost].[/] - Initializing Spring DispatcherServlet 'dispatcherServlet'
2026-03-31 23:18:25 INFO  org.springframework.web.servlet.DispatcherServlet - Initializing Servlet 'dispatcherServlet'
2026-03-31 23:18:25 INFO  org.springframework.web.servlet.DispatcherServlet - Completed initialization in 1 ms
2026-03-31 23:45:30 INFO  org.springframework.orm.jpa.LocalContainerEntityManagerFactoryBean - Closing JPA EntityManagerFactory for persistence unit 'default'
2026-03-31 23:45:30 INFO  com.zaxxer.hikari.HikariDataSource - HikariPool-1 - Shutdown initiated...
2026-03-31 23:45:30 INFO  com.zaxxer.hikari.HikariDataSource - HikariPool-1 - Shutdown completed.
2026-03-31 23:45:43 INFO  com.ragnax.sanbernardo.notificacion.ComRagnaxSanbernardoNotificacionApplication - Starting ComRagnaxSanbernardoNotificacionApplication using Java 17.0.14 with PID 5701 (/Users/mac/Workspaces/WorkspaceSanBernardo/com-ragnax-sanbernardo-notificacion/target/classes started by mac in /Users/mac/Workspaces/WorkspaceSanBernardo/com-ragnax-sanbernardo-notificacion)
2026-03-31 23:45:43 INFO  com.ragnax.sanbernardo.notificacion.ComRagnaxSanbernardoNotificacionApplication - The following 1 profile is active: "dev"
2026-03-31 23:45:43 INFO  org.springframework.data.repository.config.RepositoryConfigurationDelegate - Bootstrapping Spring Data JPA repositories in DEFAULT mode.
2026-03-31 23:45:43 INFO  org.springframework.data.repository.config.RepositoryConfigurationDelegate - Finished Spring Data repository scanning in 38 ms. Found 4 JPA repository interfaces.
2026-03-31 23:45:44 INFO  org.springframework.cloud.context.scope.GenericScope - BeanFactory id=b216a9b9-7760-3a87-90db-bf3e1888c902
2026-03-31 23:45:44 INFO  org.springframework.boot.web.embedded.tomcat.TomcatWebServer - Tomcat initialized with port 9999 (http)
2026-03-31 23:45:45 INFO  org.apache.coyote.http11.Http11NioProtocol - Initializing ProtocolHandler ["http-nio-9999"]
2026-03-31 23:45:45 INFO  org.apache.catalina.core.StandardService - Starting service [Tomcat]
2026-03-31 23:45:45 INFO  org.apache.catalina.core.StandardEngine - Starting Servlet engine: [Apache Tomcat/10.1.25]
2026-03-31 23:45:45 INFO  org.apache.catalina.core.ContainerBase.[Tomcat].[localhost].[/] - Initializing Spring embedded WebApplicationContext
2026-03-31 23:45:45 INFO  org.springframework.boot.web.servlet.context.ServletWebServerApplicationContext - Root WebApplicationContext: initialization completed in 1845 ms
2026-03-31 23:45:45 INFO  org.hibernate.jpa.internal.util.LogHelper - HHH000204: Processing PersistenceUnitInfo [name: default]
2026-03-31 23:45:45 INFO  org.hibernate.Version - HHH000412: Hibernate ORM core version 6.5.2.Final
2026-03-31 23:45:45 INFO  org.hibernate.cache.internal.RegionFactoryInitiator - HHH000026: Second-level cache disabled
2026-03-31 23:45:45 INFO  org.springframework.orm.jpa.persistenceunit.SpringPersistenceUnitInfo - No LoadTimeWeaver setup: ignoring JPA class transformer
2026-03-31 23:45:45 INFO  com.zaxxer.hikari.HikariDataSource - HikariPool-1 - Starting...
2026-03-31 23:45:45 INFO  com.zaxxer.hikari.pool.HikariPool - HikariPool-1 - Added connection com.mysql.cj.jdbc.ConnectionImpl@22ee1ad7
2026-03-31 23:45:45 INFO  com.zaxxer.hikari.HikariDataSource - HikariPool-1 - Start completed.
2026-03-31 23:45:46 WARN  org.hibernate.orm.deprecation - HHH90000025: MySQLDialect does not need to be specified explicitly using 'hibernate.dialect' (remove the property setting and it will be selected by default)
2026-03-31 23:45:46 INFO  org.hibernate.engine.transaction.jta.platform.internal.JtaPlatformInitiator - HHH000489: No JTA platform available (set 'hibernate.transaction.jta.platform' to enable JTA platform integration)
2026-03-31 23:45:46 INFO  org.springframework.orm.jpa.LocalContainerEntityManagerFactoryBean - Initialized JPA EntityManagerFactory for persistence unit 'default'
2026-03-31 23:45:47 WARN  org.springframework.boot.autoconfigure.orm.jpa.JpaBaseConfiguration$JpaWebConfiguration - spring.jpa.open-in-view is enabled by default. Therefore, database queries may be performed during view rendering. Explicitly configure spring.jpa.open-in-view to disable this warning
2026-03-31 23:45:48 INFO  org.springframework.boot.actuate.endpoint.web.EndpointLinksResolver - Exposing 2 endpoints beneath base path '/actuator/com-ragnax-sanbernardo-notificacion'
2026-03-31 23:45:48 INFO  org.apache.coyote.http11.Http11NioProtocol - Starting ProtocolHandler ["http-nio-9999"]
2026-03-31 23:45:48 INFO  org.springframework.boot.web.embedded.tomcat.TomcatWebServer - Tomcat started on port 9999 (http) with context path '/'
2026-03-31 23:45:48 INFO  com.ragnax.sanbernardo.notificacion.ComRagnaxSanbernardoNotificacionApplication - Started ComRagnaxSanbernardoNotificacionApplication in 5.651 seconds (process running for 7.301)
2026-03-31 23:45:48 INFO  org.apache.catalina.core.ContainerBase.[Tomcat].[localhost].[/] - Initializing Spring DispatcherServlet 'dispatcherServlet'
2026-03-31 23:45:48 INFO  org.springframework.web.servlet.DispatcherServlet - Initializing Servlet 'dispatcherServlet'
2026-03-31 23:45:48 INFO  org.springframework.web.servlet.DispatcherServlet - Completed initialization in 1 ms
2026-03-31 23:47:27 INFO  org.springframework.orm.jpa.LocalContainerEntityManagerFactoryBean - Closing JPA EntityManagerFactory for persistence unit 'default'
2026-03-31 23:47:27 INFO  com.zaxxer.hikari.HikariDataSource - HikariPool-1 - Shutdown initiated...
2026-03-31 23:47:27 INFO  com.zaxxer.hikari.HikariDataSource - HikariPool-1 - Shutdown completed.
2026-03-31 23:47:30 INFO  com.ragnax.sanbernardo.notificacion.ComRagnaxSanbernardoNotificacionApplication - Starting ComRagnaxSanbernardoNotificacionApplication using Java 17.0.14 with PID 5739 (/Users/mac/Workspaces/WorkspaceSanBernardo/com-ragnax-sanbernardo-notificacion/target/classes started by mac in /Users/mac/Workspaces/WorkspaceSanBernardo/com-ragnax-sanbernardo-notificacion)
2026-03-31 23:47:30 INFO  com.ragnax.sanbernardo.notificacion.ComRagnaxSanbernardoNotificacionApplication - The following 1 profile is active: "dev"
2026-03-31 23:47:30 INFO  org.springframework.data.repository.config.RepositoryConfigurationDelegate - Bootstrapping Spring Data JPA repositories in DEFAULT mode.
2026-03-31 23:47:30 INFO  org.springframework.data.repository.config.RepositoryConfigurationDelegate - Finished Spring Data repository scanning in 30 ms. Found 4 JPA repository interfaces.
2026-03-31 23:47:31 INFO  org.springframework.cloud.context.scope.GenericScope - BeanFactory id=b216a9b9-7760-3a87-90db-bf3e1888c902
2026-03-31 23:47:31 INFO  org.springframework.boot.web.embedded.tomcat.TomcatWebServer - Tomcat initialized with port 9999 (http)
2026-03-31 23:47:31 INFO  org.apache.coyote.http11.Http11NioProtocol - Initializing ProtocolHandler ["http-nio-9999"]
2026-03-31 23:47:31 INFO  org.apache.catalina.core.StandardService - Starting service [Tomcat]
2026-03-31 23:47:31 INFO  org.apache.catalina.core.StandardEngine - Starting Servlet engine: [Apache Tomcat/10.1.25]
2026-03-31 23:47:31 INFO  org.apache.catalina.core.ContainerBase.[Tomcat].[localhost].[/] - Initializing Spring embedded WebApplicationContext
2026-03-31 23:47:31 INFO  org.springframework.boot.web.servlet.context.ServletWebServerApplicationContext - Root WebApplicationContext: initialization completed in 1422 ms
2026-03-31 23:47:32 INFO  org.hibernate.jpa.internal.util.LogHelper - HHH000204: Processing PersistenceUnitInfo [name: default]
2026-03-31 23:47:32 INFO  org.hibernate.Version - HHH000412: Hibernate ORM core version 6.5.2.Final
2026-03-31 23:47:32 INFO  org.hibernate.cache.internal.RegionFactoryInitiator - HHH000026: Second-level cache disabled
2026-03-31 23:47:32 INFO  org.springframework.orm.jpa.persistenceunit.SpringPersistenceUnitInfo - No LoadTimeWeaver setup: ignoring JPA class transformer
2026-03-31 23:47:32 INFO  com.zaxxer.hikari.HikariDataSource - HikariPool-1 - Starting...
2026-03-31 23:47:32 INFO  com.zaxxer.hikari.pool.HikariPool - HikariPool-1 - Added connection com.mysql.cj.jdbc.ConnectionImpl@7d07e04e
2026-03-31 23:47:32 INFO  com.zaxxer.hikari.HikariDataSource - HikariPool-1 - Start completed.
2026-03-31 23:47:32 WARN  org.hibernate.orm.deprecation - HHH90000025: MySQLDialect does not need to be specified explicitly using 'hibernate.dialect' (remove the property setting and it will be selected by default)
2026-03-31 23:47:33 INFO  org.hibernate.engine.transaction.jta.platform.internal.JtaPlatformInitiator - HHH000489: No JTA platform available (set 'hibernate.transaction.jta.platform' to enable JTA platform integration)
2026-03-31 23:47:33 INFO  org.springframework.orm.jpa.LocalContainerEntityManagerFactoryBean - Initialized JPA EntityManagerFactory for persistence unit 'default'
2026-03-31 23:47:33 WARN  org.springframework.boot.autoconfigure.orm.jpa.JpaBaseConfiguration$JpaWebConfiguration - spring.jpa.open-in-view is enabled by default. Therefore, database queries may be performed during view rendering. Explicitly configure spring.jpa.open-in-view to disable this warning
2026-03-31 23:47:34 INFO  org.springframework.boot.actuate.endpoint.web.EndpointLinksResolver - Exposing 2 endpoints beneath base path '/actuator/com-ragnax-sanbernardo-notificacion'
2026-03-31 23:47:34 INFO  org.apache.coyote.http11.Http11NioProtocol - Starting ProtocolHandler ["http-nio-9999"]
2026-03-31 23:47:34 INFO  org.springframework.boot.web.embedded.tomcat.TomcatWebServer - Tomcat started on port 9999 (http) with context path '/'
2026-03-31 23:47:34 INFO  com.ragnax.sanbernardo.notificacion.ComRagnaxSanbernardoNotificacionApplication - Started ComRagnaxSanbernardoNotificacionApplication in 4.608 seconds (process running for 5.374)
2026-03-31 23:47:35 INFO  org.apache.catalina.core.ContainerBase.[Tomcat].[localhost].[/] - Initializing Spring DispatcherServlet 'dispatcherServlet'
2026-03-31 23:47:35 INFO  org.springframework.web.servlet.DispatcherServlet - Initializing Servlet 'dispatcherServlet'
2026-03-31 23:47:35 INFO  org.springframework.web.servlet.DispatcherServlet - Completed initialization in 1 ms
